<?xml version="1.0" encoding="UTF-8"?>
<!-- Generated by org.testng.reporters.JUnitReportReporter -->
<testsuite hostname="DESKTOP-Q2RM1HI" failures="0" tests="1" name="orTests.BrokenLinks" time="26.197" errors="0" timestamp="2022-01-07T11:53:53 IST" skipped="0">
  <testcase classname="orTests.BrokenLinks" name="links" time="26.197"/>
  <system-out/>
</testsuite> <!-- orTests.BrokenLinks -->
