<?xml version="1.0" encoding="UTF-8"?>
<!-- Generated by org.testng.reporters.JUnitReportReporter -->
<testsuite hostname="DESKTOP-Q2RM1HI" failures="0" tests="1" name="nopCommerceTests.CustomerWindow" time="9.639" errors="0" timestamp="2022-01-10T16:23:08 IST" skipped="0">
  <testcase classname="nopCommerceTests.CustomerWindow" name="window" time="9.639"/>
  <system-out/>
</testsuite> <!-- nopCommerceTests.CustomerWindow -->
