<?xml version="1.0" encoding="UTF-8"?>
<!-- Generated by org.testng.reporters.JUnitReportReporter -->
<testsuite hostname="DESKTOP-Q2RM1HI" failures="0" tests="3" name="nopCommerceTests.Login" time="5.824" errors="0" timestamp="2022-01-09T13:39:09 IST" skipped="0">
  <testcase classname="nopCommerceTests.Login" name="verifyTitle" time="0.010"/>
  <system-out/>
  <testcase classname="nopCommerceTests.Login" name="verifyLogo" time="0.088"/>
  <system-out/>
  <testcase classname="nopCommerceTests.Login" name="login" time="5.726"/>
  <system-out/>
</testsuite> <!-- nopCommerceTests.Login -->
