<?xml version="1.0" encoding="UTF-8"?>
<!-- Generated by org.testng.reporters.JUnitReportReporter -->
<testsuite hostname="DESKTOP-Q2RM1HI" failures="0" tests="1" name="nopCommerceTests.LoginTest" time="4.646" errors="0" timestamp="2022-01-09T13:54:42 IST" skipped="0">
  <testcase classname="nopCommerceTests.LoginTest" name="data" time="4.646"/>
  <system-out/>
</testsuite> <!-- nopCommerceTests.LoginTest -->
