<?xml version="1.0" encoding="UTF-8"?>
<!-- Generated by org.testng.reporters.JUnitReportReporter -->
<testsuite hostname="DESKTOP-Q2RM1HI" failures="0" tests="1" name="orTests.LoginTest" time="0.594" errors="0" timestamp="2022-01-05T14:13:20 IST" skipped="0">
  <testcase classname="orTests.LoginTest" name="enterData" time="0.594"/>
  <system-out/>
</testsuite> <!-- orTests.LoginTest -->
