<?xml version="1.0" encoding="UTF-8"?>
<!-- Generated by org.testng.reporters.JUnitReportReporter -->
<testsuite skipped="2" hostname="DESKTOP-Q2RM1HI" name="nopTests.SearchCustomer" tests="6" failures="0" timestamp="2022-01-07T12:31:48 IST" time="41.372" errors="0">
  <testcase name="loginCusts" time="3.982" classname="nopTests.SearchCustomer"/>
  <system-out/>
  <testcase name="clickCustomer1" time="1.126" classname="nopTests.SearchCustomer"/>
  <system-out/>
  <testcase name="clickSubCustomer2" time="3.012" classname="nopTests.SearchCustomer"/>
  <system-out/>
  <testcase name="searchTheCustomer" time="12.396" classname="nopTests.SearchCustomer"/>
  <system-out/>
  <testcase name="searchTheCustomer" time="12.655" classname="nopTests.SearchCustomer">
    <skipped/>
  </testcase> <!-- searchTheCustomer -->
  <system-out/>
  <testcase name="searchTheCustomer" time="8.201" classname="nopTests.SearchCustomer">
    <skipped/>
  </testcase> <!-- searchTheCustomer -->
  <system-out/>
</testsuite> <!-- nopTests.SearchCustomer -->
