<?xml version="1.0" encoding="UTF-8"?>
<!-- Generated by org.testng.reporters.JUnitReportReporter -->
<testsuite skipped="0" hostname="DESKTOP-Q2RM1HI" name="com.org.lnt.action.FlipkartTest" tests="1" failures="0" timestamp="2022-01-03T15:49:40 IST" time="3.227" errors="0">
  <testcase name="open" time="3.227" classname="com.org.lnt.action.FlipkartTest"/>
  <system-out/>
</testsuite> <!-- com.org.lnt.action.FlipkartTest -->
