<?xml version="1.0" encoding="UTF-8"?>
<!-- Generated by org.testng.reporters.JUnitReportReporter -->
<testsuite skipped="0" hostname="DESKTOP-Q2RM1HI" name="nopTests.Login" tests="3" failures="0" timestamp="2022-01-07T12:31:48 IST" time="4.704" errors="0">
  <testcase name="verifyTitle" time="0.006" classname="nopTests.Login"/>
  <system-out/>
  <testcase name="verifyLogo" time="0.087" classname="nopTests.Login"/>
  <system-out/>
  <testcase name="login" time="4.611" classname="nopTests.Login"/>
  <system-out/>
</testsuite> <!-- nopTests.Login -->
