<?xml version="1.0" encoding="UTF-8"?>
<!-- Generated by org.testng.reporters.JUnitReportReporter -->
<testsuite skipped="0" hostname="DESKTOP-Q2RM1HI" name="nopTests.AddCustomer" tests="3" failures="0" timestamp="2022-01-07T12:31:48 IST" time="11.910" errors="0">
  <testcase name="loginCusts" time="5.879" classname="nopTests.AddCustomer"/>
  <system-out/>
  <testcase name="addCustomerDetails" time="5.218" classname="nopTests.AddCustomer"/>
  <system-out/>
  <testcase name="logout" time="0.813" classname="nopTests.AddCustomer"/>
  <system-out/>
</testsuite> <!-- nopTests.AddCustomer -->
