<?xml version="1.0" encoding="UTF-8"?>
<!-- Generated by org.testng.reporters.JUnitReportReporter -->
<testsuite hostname="DESKTOP-Q2RM1HI" failures="0" tests="1" name="seleniumGridExamples.HRMSeleniumGridChrome" time="5.797" errors="0" timestamp="2021-12-30T10:15:32 IST" skipped="0">
  <testcase classname="seleniumGridExamples.HRMSeleniumGridChrome" name="openTest" time="5.797"/>
  <system-out/>
</testsuite> <!-- seleniumGridExamples.HRMSeleniumGridChrome -->
