<?xml version="1.0" encoding="UTF-8"?>
<!-- Generated by org.testng.reporters.JUnitReportReporter -->
<testsuite hostname="DESKTOP-Q2RM1HI" failures="0" tests="3" name="nopTests.Login" time="4.967" errors="0" timestamp="2022-01-09T13:20:37 IST" skipped="0">
  <testcase classname="nopTests.Login" name="verifyTitle" time="0.010"/>
  <system-out/>
  <testcase classname="nopTests.Login" name="verifyLogo" time="0.093"/>
  <system-out/>
  <testcase classname="nopTests.Login" name="login" time="4.864"/>
  <system-out/>
</testsuite> <!-- nopTests.Login -->
