<?xml version="1.0" encoding="UTF-8"?>
<!-- Generated by org.testng.reporters.JUnitReportReporter -->
<testsuite hostname="DESKTOP-Q2RM1HI" failures="0" tests="1" name="com.org.lnt.action.HRMScreenShot" time="2.956" errors="0" timestamp="2021-12-29T16:50:15 IST" skipped="0">
  <testcase classname="com.org.lnt.action.HRMScreenShot" name="launch" time="2.956"/>
  <system-out/>
</testsuite> <!-- com.org.lnt.action.HRMScreenShot -->
