<?xml version="1.0" encoding="UTF-8"?>
<!-- Generated by org.testng.reporters.JUnitReportReporter -->
<testsuite hostname="DESKTOP-Q2RM1HI" failures="0" tests="1" name="com.org.lnt.action.OrangeHRMBase" time="2.973" errors="0" timestamp="2021-12-22T12:58:11 IST" skipped="0">
  <testcase classname="com.org.lnt.action.OrangeHRMBase" name="open" time="2.973"/>
  <system-out/>
</testsuite> <!-- com.org.lnt.action.OrangeHRMBase -->
