<?xml version="1.0" encoding="UTF-8"?>
<!-- Generated by org.testng.reporters.JUnitReportReporter -->
<testsuite hostname="DESKTOP-Q2RM1HI" failures="0" tests="3" name="com.org.lnt.action.Calculator" time="6.905" errors="0" timestamp="2022-01-07T17:01:37 IST" skipped="0">
  <testcase classname="com.org.lnt.action.Calculator" name="threeDigit" time="2.305"/>
  <system-out/>
  <testcase classname="com.org.lnt.action.Calculator" name="twoDigit" time="2.216"/>
  <system-out/>
  <testcase classname="com.org.lnt.action.Calculator" name="oneDigit" time="2.384"/>
  <system-out/>
</testsuite> <!-- com.org.lnt.action.Calculator -->
