<?xml version="1.0" encoding="UTF-8"?>
<!-- Generated by org.testng.reporters.JUnitReportReporter -->
<testsuite hostname="DESKTOP-Q2RM1HI" failures="0" tests="6" name="crossBrowserTests.ActionExample" time="19.956" errors="0" timestamp="2021-12-28T10:49:34 IST" skipped="0">
  <testcase classname="crossBrowserTests.ActionExample" name="openImg" time="6.777"/>
  <system-out/>
  <testcase classname="crossBrowserTests.ActionExample" name="openImg" time="6.641"/>
  <system-out/>
  <testcase classname="crossBrowserTests.ActionExample" name="openImg" time="6.506"/>
  <system-out/>
  <testcase classname="crossBrowserTests.ActionExample" name="title" time="0.006"/>
  <system-out/>
  <testcase classname="crossBrowserTests.ActionExample" name="title" time="0.011"/>
  <system-out/>
  <testcase classname="crossBrowserTests.ActionExample" name="title" time="0.015"/>
  <system-out/>
</testsuite> <!-- crossBrowserTests.ActionExample -->
