<?xml version="1.0" encoding="UTF-8"?>
<!-- Generated by org.testng.reporters.JUnitReportReporter -->
<testsuite hostname="DESKTOP-Q2RM1HI" failures="0" tests="2" name="nopTests.AddCuss" time="22.892" errors="0" timestamp="2021-12-30T14:58:09 IST" skipped="0">
  <testcase classname="nopTests.AddCuss" name="loginCusts" time="4.816"/>
  <system-out/>
  <testcase classname="nopTests.AddCuss" name="RegistrationDataDrivernTest" time="18.076"/>
  <system-out/>
</testsuite> <!-- nopTests.AddCuss -->
