<?xml version="1.0" encoding="UTF-8"?>
<!-- Generated by org.testng.reporters.JUnitReportReporter -->
<testsuite hostname="DESKTOP-Q2RM1HI" failures="0" tests="3" name="retryLogicExamples.HRMTestCase" time="2.786" errors="0" timestamp="2021-12-24T08:01:53 IST" skipped="0">
  <testcase classname="retryLogicExamples.HRMTestCase" name="login" time="1.752"/>
  <system-out/>
  <testcase classname="retryLogicExamples.HRMTestCase" name="dashboarDisplay" time="0.290"/>
  <system-out/>
  <testcase classname="retryLogicExamples.HRMTestCase" name="logout" time="0.744"/>
  <system-out/>
</testsuite> <!-- retryLogicExamples.HRMTestCase -->
