<?xml version="1.0" encoding="UTF-8"?>
<!-- Generated by org.testng.reporters.JUnitReportReporter -->
<testsuite hostname="DESKTOP-Q2RM1HI" failures="0" tests="1" name="dataDrivenTest.RegisterStudentsExcel" time="26.391" errors="0" timestamp="2021-12-28T12:05:47 IST" skipped="0">
  <testcase classname="dataDrivenTest.RegisterStudentsExcel" name="RegistrationDataDrivernTest" time="26.391"/>
  <system-out/>
</testsuite> <!-- dataDrivenTest.RegisterStudentsExcel -->
