<?xml version="1.0" encoding="UTF-8"?>
<!-- Generated by org.testng.reporters.JUnitReportReporter -->
<testsuite hostname="DESKTOP-Q2RM1HI" failures="0" tests="1" name="com.org.lnt.action.ActionExample" time="10.394" errors="0" timestamp="2021-12-27T17:45:09 IST" skipped="0">
  <testcase classname="com.org.lnt.action.ActionExample" name="open" time="10.394"/>
  <system-out/>
</testsuite> <!-- com.org.lnt.action.ActionExample -->
