<?xml version="1.0" encoding="UTF-8"?>
<!-- Generated by org.testng.reporters.JUnitReportReporter -->
<testsuite hostname="DESKTOP-Q2RM1HI" failures="0" tests="1" name="automateAlerts.Paytm" time="19.358" errors="0" timestamp="2021-12-20T13:54:45 IST" skipped="0">
  <testcase classname="automateAlerts.Paytm" name="open" time="19.358"/>
  <system-out/>
</testsuite> <!-- automateAlerts.Paytm -->
