<?xml version="1.0" encoding="UTF-8"?>
<!-- Generated by org.testng.reporters.JUnitReportReporter -->
<testsuite hostname="DESKTOP-Q2RM1HI" failures="0" tests="1" name="testNGPrograms.AlertExample" time="0.394" errors="0" timestamp="2021-12-17T17:18:30 IST" skipped="0">
  <testcase classname="testNGPrograms.AlertExample" name="open" time="0.394"/>
  <system-out/>
</testsuite> <!-- testNGPrograms.AlertExample -->
