<?xml version="1.0" encoding="UTF-8"?>
<!-- Generated by org.testng.reporters.JUnitReportReporter -->
<testsuite hostname="DESKTOP-Q2RM1HI" failures="0" tests="2" name="automateAlerts.SelectExample" time="12.778" errors="0" timestamp="2021-12-17T10:45:40 IST" skipped="0">
  <testcase classname="automateAlerts.SelectExample" name="selectPath" time="2.149"/>
  <system-out/>
  <testcase classname="automateAlerts.SelectExample" name="select" time="10.629"/>
  <system-out/>
</testsuite> <!-- automateAlerts.SelectExample -->
