<?xml version="1.0" encoding="UTF-8"?>
<!-- Generated by org.testng.reporters.JUnitReportReporter -->
<testsuite hostname="DESKTOP-Q2RM1HI" failures="0" tests="1" name="sampleTest.Ex" time="4.380" errors="0" timestamp="2021-12-16T14:36:10 IST" skipped="0">
  <testcase classname="sampleTest.Ex" name="log" time="4.380"/>
  <system-out/>
</testsuite> <!-- sampleTest.Ex -->
