<?xml version="1.0" encoding="UTF-8"?>
<!-- Generated by org.testng.reporters.JUnitReportReporter -->
<testsuite hostname="DESKTOP-Q2RM1HI" failures="0" tests="3" name="automateAlerts.AlertBoxExample" time="8.348" errors="0" timestamp="2021-12-17T12:24:03 IST" skipped="0">
  <testcase classname="automateAlerts.AlertBoxExample" name="alertClick" time="2.159"/>
  <system-out/>
  <testcase classname="automateAlerts.AlertBoxExample" name="showMeAlert" time="2.092"/>
  <system-out/>
  <testcase classname="automateAlerts.AlertBoxExample" name="showMePrompt" time="4.097"/>
  <system-out/>
</testsuite> <!-- automateAlerts.AlertBoxExample -->
