<?xml version="1.0" encoding="UTF-8"?>
<!-- Generated by org.testng.reporters.JUnitReportReporter -->
<testsuite hostname="DESKTOP-Q2RM1HI" failures="0" tests="1" name="automateAlerts.Alert" time="1.138" errors="0" timestamp="2021-12-27T11:38:15 IST" skipped="0">
  <testcase classname="automateAlerts.Alert" name="login" time="1.138"/>
  <system-out/>
</testsuite> <!-- automateAlerts.Alert -->
