<?xml version="1.0" encoding="UTF-8"?>
<!-- Generated by org.testng.reporters.JUnitReportReporter -->
<testsuite hostname="DESKTOP-Q2RM1HI" failures="0" tests="1" name="automateAlerts.Amazon" time="3.373" errors="0" timestamp="2021-12-20T12:07:23 IST" skipped="0">
  <testcase classname="automateAlerts.Amazon" name="clickOnElectroniGifts" time="3.373"/>
  <system-out/>
</testsuite> <!-- automateAlerts.Amazon -->
