<?xml version="1.0" encoding="UTF-8"?>
<!-- Generated by org.testng.reporters.JUnitReportReporter -->
<testsuite hostname="DESKTOP-Q2RM1HI" failures="0" tests="1" name="automateAlerts.PopUps" time="0.758" errors="0" timestamp="2021-12-16T14:36:10 IST" skipped="0">
  <testcase classname="automateAlerts.PopUps" name="login" time="0.758"/>
  <system-out/>
</testsuite> <!-- automateAlerts.PopUps -->
