<?xml version="1.0" encoding="UTF-8"?>
<!-- Generated by org.testng.reporters.JUnitReportReporter -->
<testsuite hostname="DESKTOP-Q2RM1HI" failures="0" tests="1" name="automateAlerts.DragDropGlobalsqa" time="9.802" errors="0" timestamp="2021-12-20T13:21:42 IST" skipped="0">
  <testcase classname="automateAlerts.DragDropGlobalsqa" name="open" time="9.802"/>
  <system-out/>
</testsuite> <!-- automateAlerts.DragDropGlobalsqa -->
